[INFO] Scanning for projects...
[INFO]                                                                         
[INFO] ------------------------------------------------------------------------
[INFO] Building CucumberJvmBaseProject 1.0.0
[INFO] ------------------------------------------------------------------------
[WARNING] The artifact junit:junit-dep:jar:4.11 has been relocated to junit:junit:jar:4.11
[WARNING] The artifact org.apache.commons:commons-io:jar:1.3.2 has been relocated to commons-io:commons-io:jar:1.3.2
[INFO] 
[INFO] --- maven-resources-plugin:2.6:resources (default-resources) @ CucumberJvmBaseProject ---
[WARNING] Using platform encoding (Cp1252 actually) to copy filtered resources, i.e. build is platform dependent!
[INFO] Copying 1 resource
[INFO] 
[INFO] --- maven-compiler-plugin:2.5.1:compile (default-compile) @ CucumberJvmBaseProject ---
[INFO] Nothing to compile - all classes are up to date
[INFO] 
[INFO] --- maven-resources-plugin:2.6:testResources (default-testResources) @ CucumberJvmBaseProject ---
[WARNING] Using platform encoding (Cp1252 actually) to copy filtered resources, i.e. build is platform dependent!
[INFO] Copying 15 resources
[INFO] 
[INFO] --- maven-compiler-plugin:2.5.1:testCompile (default-testCompile) @ CucumberJvmBaseProject ---
[INFO] Compiling 3 source files to C:\Users\Mike Jennings\IdeaProjects\CucumberJvmBaseProject\target\test-classes
[INFO] 
[INFO] --- maven-surefire-plugin:2.14:test (default-test) @ CucumberJvmBaseProject ---
[INFO] Surefire report directory: C:\Users\Mike Jennings\IdeaProjects\CucumberJvmBaseProject\target\surefire-reports

-------------------------------------------------------
 T E S T S
-------------------------------------------------------
Running com.acutest.cdaf.testRunners.JiraApiAT
Feature: Filler text from automation.
[DEBUG] 20171201T161532+0000 [main] JiraCukeHooks - Checking scenario or no exists? : false

  @SCBSBXA-95 @autorun @cdaf-21-3 @cdaf-bad-23
  Scenario: Find first valid jira issuey key in tags # SCBSBXA-95.feature:4
    #  Given the set of tags defined for this story
    #  When execution starts
    Then issueKeys identified should be "SCBSBXA-95" # JiraApiStepDefs.issuekeys_identified_should_be_SCBSBXA(String)
      java.lang.NullPointerException
      	at com.acutest.cdaf.jiraapi.JiraCukeHooks.getTagIssueKeys(JiraCukeHooks.java:161)
      	at com.acutest.cdaf.jiraapi.JiraCukeHooks.getTagIssuekeysString(JiraCukeHooks.java:146)
      	at com.acutest.cdaf.stepdefs.JiraApiStepDefs.issuekeys_identified_should_be_SCBSBXA(JiraApiStepDefs.java:52)
      	at ?.Then issueKeys identified should be "SCBSBXA-95"(SCBSBXA-95.feature:7)

Feature: Filler text from automation.
[DEBUG] 20171201T161532+0000 [main] JiraCukeHooks - Checking scenario or no exists? : false

  @SCBSBXA-93 @autorun @cdaf-21-3 @cdaf-bad-23
  Scenario: Find first valid jira issuey key in tags # cdaf-20 JiraAPI/SCBSBXA-93.feature:4
    #  Given the set of tags defined for this story
    #  When execution starts
    Then issueKeys identified should be "SCBSBXA-93" # JiraApiStepDefs.issuekeys_identified_should_be_SCBSBXA(String)
      java.lang.NullPointerException
      	at com.acutest.cdaf.jiraapi.JiraCukeHooks.getTagIssueKeys(JiraCukeHooks.java:161)
      	at com.acutest.cdaf.jiraapi.JiraCukeHooks.getTagIssuekeysString(JiraCukeHooks.java:146)
      	at com.acutest.cdaf.stepdefs.JiraApiStepDefs.issuekeys_identified_should_be_SCBSBXA(JiraApiStepDefs.java:52)
      	at ?.Then issueKeys identified should be "SCBSBXA-93"(cdaf-20 JiraAPI/SCBSBXA-93.feature:7)


Failed scenarios:
SCBSBXA-95.feature:4 # Scenario: Find first valid jira issuey key in tags
cdaf-20 JiraAPI/SCBSBXA-93.feature:4 # Scenario: Find first valid jira issuey key in tags

2 Scenarios (2 failed)
2 Steps (2 failed)
0m0.957s

java.lang.NullPointerException
	at com.acutest.cdaf.jiraapi.JiraCukeHooks.getTagIssueKeys(JiraCukeHooks.java:161)
	at com.acutest.cdaf.jiraapi.JiraCukeHooks.getTagIssuekeysString(JiraCukeHooks.java:146)
	at com.acutest.cdaf.stepdefs.JiraApiStepDefs.issuekeys_identified_should_be_SCBSBXA(JiraApiStepDefs.java:52)
	at ?.Then issueKeys identified should be "SCBSBXA-95"(SCBSBXA-95.feature:7)

java.lang.NullPointerException
	at com.acutest.cdaf.jiraapi.JiraCukeHooks.getTagIssueKeys(JiraCukeHooks.java:161)
	at com.acutest.cdaf.jiraapi.JiraCukeHooks.getTagIssuekeysString(JiraCukeHooks.java:146)
	at com.acutest.cdaf.stepdefs.JiraApiStepDefs.issuekeys_identified_should_be_SCBSBXA(JiraApiStepDefs.java:52)
	at ?.Then issueKeys identified should be "SCBSBXA-93"(cdaf-20 JiraAPI/SCBSBXA-93.feature:7)

Tests run: 4, Failures: 0, Errors: 4, Skipped: 0, Time elapsed: 1.915 sec <<< FAILURE!
Then issueKeys identified should be "SCBSBXA-95"(Scenario: Find first valid jira issuey key in tags)  Time elapsed: 0.019 sec  <<< ERROR!
java.lang.NullPointerException: null
	at com.acutest.cdaf.jiraapi.JiraCukeHooks.getTagIssueKeys(JiraCukeHooks.java:161)
	at com.acutest.cdaf.jiraapi.JiraCukeHooks.getTagIssuekeysString(JiraCukeHooks.java:146)
	at com.acutest.cdaf.stepdefs.JiraApiStepDefs.issuekeys_identified_should_be_SCBSBXA(JiraApiStepDefs.java:52)
	at ?.Then issueKeys identified should be "SCBSBXA-95"(SCBSBXA-95.feature:7)

Scenario: Find first valid jira issuey key in tags  Time elapsed: 0.02 sec  <<< ERROR!
java.lang.NullPointerException: null
	at com.acutest.cdaf.jiraapi.JiraCukeHooks.getTagIssueKeys(JiraCukeHooks.java:161)
	at com.acutest.cdaf.jiraapi.JiraCukeHooks.getTagIssuekeysString(JiraCukeHooks.java:146)
	at com.acutest.cdaf.stepdefs.JiraApiStepDefs.issuekeys_identified_should_be_SCBSBXA(JiraApiStepDefs.java:52)
	at ?.Then issueKeys identified should be "SCBSBXA-95"(SCBSBXA-95.feature:7)

Then issueKeys identified should be "SCBSBXA-93"(Scenario: Find first valid jira issuey key in tags)  Time elapsed: 0.001 sec  <<< ERROR!
java.lang.NullPointerException: null
	at com.acutest.cdaf.jiraapi.JiraCukeHooks.getTagIssueKeys(JiraCukeHooks.java:161)
	at com.acutest.cdaf.jiraapi.JiraCukeHooks.getTagIssuekeysString(JiraCukeHooks.java:146)
	at com.acutest.cdaf.stepdefs.JiraApiStepDefs.issuekeys_identified_should_be_SCBSBXA(JiraApiStepDefs.java:52)
	at ?.Then issueKeys identified should be "SCBSBXA-93"(cdaf-20 JiraAPI/SCBSBXA-93.feature:7)

Scenario: Find first valid jira issuey key in tags  Time elapsed: 0.002 sec  <<< ERROR!
java.lang.NullPointerException: null
	at com.acutest.cdaf.jiraapi.JiraCukeHooks.getTagIssueKeys(JiraCukeHooks.java:161)
	at com.acutest.cdaf.jiraapi.JiraCukeHooks.getTagIssuekeysString(JiraCukeHooks.java:146)
	at com.acutest.cdaf.stepdefs.JiraApiStepDefs.issuekeys_identified_should_be_SCBSBXA(JiraApiStepDefs.java:52)
	at ?.Then issueKeys identified should be "SCBSBXA-93"(cdaf-20 JiraAPI/SCBSBXA-93.feature:7)


Results :

Tests in error: 
  null
  null
  null
  null

Tests run: 4, Failures: 0, Errors: 4, Skipped: 0

[INFO] ------------------------------------------------------------------------
[INFO] BUILD FAILURE
[INFO] ------------------------------------------------------------------------
[INFO] Total time: 7.329 s
[INFO] Finished at: 2017-12-01T16:15:32+00:00
[INFO] Final Memory: 20M/186M
[INFO] ------------------------------------------------------------------------
[ERROR] Failed to execute goal org.apache.maven.plugins:maven-surefire-plugin:2.14:test (default-test) on project CucumberJvmBaseProject: There are test failures.
[ERROR] 
[ERROR] Please refer to C:\Users\Mike Jennings\IdeaProjects\CucumberJvmBaseProject\target\surefire-reports for the individual test results.
[ERROR] -> [Help 1]
[ERROR] 
[ERROR] To see the full stack trace of the errors, re-run Maven with the -e switch.
[ERROR] Re-run Maven using the -X switch to enable full debug logging.
[ERROR] 
[ERROR] For more information about the errors and possible solutions, please read the following articles:
[ERROR] [Help 1] http://cwiki.apache.org/confluence/display/MAVEN/MojoFailureException
